  Alfa0.4.cpp
  Animacion.cpp
  ControlColision.cpp
C:\Users\noner\OneDrive\Escritorio\Alfa0.4(Exito)\ControlColision.cpp(53,58): warning C4244: 'argumento': conversión de 'int' a 'float'; posible pérdida de datos
C:\Users\noner\OneDrive\Escritorio\Alfa0.4(Exito)\ControlColision.cpp(53,43): warning C4244: 'argumento': conversión de 'int' a 'float'; posible pérdida de datos
  Enemigo.cpp
  Entidad.cpp
C:\Users\noner\OneDrive\Escritorio\Alfa0.4(Exito)\Entidad.cpp(5,71): warning C4244: 'argumento': conversión de 'int' a 'float'; posible pérdida de datos
C:\Users\noner\OneDrive\Escritorio\Alfa0.4(Exito)\Entidad.cpp(5,60): warning C4244: 'argumento': conversión de 'int' a 'float'; posible pérdida de datos
  tinyxml2.cpp
  GestorEventos.cpp
  ManejarTextura.cpp
  ManejoTexto.cpp
  Mapa.cpp
  Menus.cpp
C:\Users\noner\OneDrive\Escritorio\Alfa0.4(Exito)\Menus.cpp(49,69): warning C4267: '=': conversión de 'size_t' a 'int'; posible pérdida de datos
  Motor.cpp
  Objeto.cpp
  Pathfinding.cpp
  Texto.cpp
  Generando código...
  Alfa0.4.vcxproj -> C:\Users\noner\OneDrive\Escritorio\Alfa0.4(Exito)\x64\Debug\Alfa0.4.exe
